<?xml version="1.0" encoding="UTF-8"?>
<!-- Generated by org.testng.reporters.JUnitReportReporter -->
<testsuite hostname="dckap-PC" failures="0" tests="1" name="test.FirstTest" time="18.368" errors="0" timestamp="2020-07-03T12:17:32 IST" skipped="0">
  <testcase classname="test.FirstTest" name="test" time="18.368"/>
</testsuite> <!-- test.FirstTest -->
